<?xml version="1.0" encoding="UTF-8"?>
<!-- Generated by org.testng.reporters.JUnitReportReporter -->
<testsuite hostname="Aparna" failures="0" tests="1" name="aparnaPackage.LoginUsingProperties" time="12.997" errors="0" timestamp="2023-04-27T22:13:02 IST" skipped="0">
  <testcase classname="aparnaPackage.LoginUsingProperties" name="verifyTitle" time="12.997"/>
  <system-out/>
</testsuite> <!-- aparnaPackage.LoginUsingProperties -->
