<?xml version="1.0" encoding="UTF-8"?>
<!-- Generated by org.testng.reporters.JUnitReportReporter -->
<testsuite hostname="Aparna" failures="0" tests="3" name="Testngpackage.SkipTestCaseInExecution" time="5.422" errors="0" timestamp="2023-05-02T16:00:35 IST" skipped="2">
  <testcase classname="Testngpackage.SkipTestCaseInExecution" name="testUrl2" time="5.422"/>
  <system-out/>
  <testcase classname="Testngpackage.SkipTestCaseInExecution" name="testUrl">
    <skipped/>
  </testcase> <!-- testUrl -->
  <system-out/>
  <testcase classname="Testngpackage.SkipTestCaseInExecution" name="verifyTitle">
    <skipped/>
  </testcase> <!-- verifyTitle -->
  <system-out/>
</testsuite> <!-- Testngpackage.SkipTestCaseInExecution -->
