<?xml version="1.0" encoding="UTF-8"?>
<!-- Generated by org.testng.reporters.JUnitReportReporter -->
<testsuite hostname="Aparna" failures="0" tests="1" name="allWebDriverMethod.AllLinkTargetHome" time="14.002" errors="0" timestamp="2023-06-22T16:12:05 IST" skipped="0">
  <testcase classname="allWebDriverMethod.AllLinkTargetHome" name="verifyAllLink" time="14.002"/>
  <system-out/>
</testsuite> <!-- allWebDriverMethod.AllLinkTargetHome -->
